<?xml version="1.0" encoding="UTF-8" ?>
<testsuite tests="5" failures="0" name="com.javacodegeeks.examples.junitmavenexample.CalculatorTest" time="0.033" errors="0" skipped="2">
  <properties>
[...]
</properties>
  <testcase classname="com.javacodegeeks.examples.junitmavenexample.CalculatorTest" name="testSum" time="0.008"/>
  <testcase classname="com.javacodegeeks.examples.junitmavenexample.CalculatorTest" name="testEqual" time="0.008">
    <skipped/>
  </testcase>
  <testcase classname="com.javacodegeeks.examples.junitmavenexample.CalculatorTest" name="testSubstraction" time="0.008">
    <skipped/>
  </testcase>
  <testcase classname="com.javacodegeeks.examples.junitmavenexample.CalculatorTest" name="testDivisionException" time="0.005"/>
  <testcase classname="com.javacodegeeks.examples.junitmavenexample.CalculatorTest" name="testDivison" time="0.004"/>
</testsuite>